Test batch size: 10000
Loading fashion-mnist data...Done
Loading model...Done
Conv-GPU==
==PROF== Connected to process 51856 (/u/hcheng7/ece408git/Project/m3)
==PROF== Profiling "prefn_marker_kernel()" - 0: 0%....50%....100% - 34 passes
Task: op_1
==PROF== Profiling "matmul_conv_fused_with_restrict" - 1: 0%....50%....100% - 34 passes
==PROF== Profiling "do_not_remove_this_kernel()" - 2: 0%....50%....100% - 34 passes
Layer Time: 23097 ms
Op Time: 22922.1 ms
Conv-GPU==
==PROF== Profiling "prefn_marker_kernel()" - 3: 0%....50%....100% - 34 passes
Task: op_1
==PROF== Profiling "matmul_conv_fused_with_restrict" - 4: 0%....50%....100% - 34 passes
==PROF== Profiling "do_not_remove_this_kernel()" - 5: 0%....50%....100% - 34 passes
Layer Time: 22303.9 ms
Op Time: 22177.6 ms

Test Accuracy: 0.8714

==PROF== Disconnected from process 51856
==PROF== Report: /u/hcheng7/ece408git/Project/analysis_file.ncu-rep
