Test batch size: 10000
Loading fashion-mnist data...Done
Loading model...Done
Conv-GPU==
==PROF== Connected to process 2365665 (/u/hcheng7/ece408git/Project/m3)
==PROF== Profiling "prefn_marker_kernel()" - 0: 0%....50%....100% - 34 passes
==PROF== Profiling "matmul_conv_fused_fp16" - 1: 0%....50%....100% - 34 passes
==PROF== Profiling "do_not_remove_this_kernel()" - 2: 0%....50%....100% - 34 passes
Task op_5 with __half2
Layer Time: 18208 ms
Op Time: 18032.7 ms
Conv-GPU==
==PROF== Profiling "prefn_marker_kernel()" - 3: 0%....50%....100% - 34 passes
==PROF== Profiling "matmul_conv_fused_fp16" - 4: 0%....50%....100% - 34 passes
==PROF== Profiling "do_not_remove_this_kernel()" - 5: 0%....50%....100% - 34 passes
Task op_5 with __half2
Layer Time: 17563.3 ms
Op Time: 17433.1 ms

Test Accuracy: 0.8713

==PROF== Disconnected from process 2365665
==PROF== Report: /u/hcheng7/ece408git/Project/analysis_file.ncu-rep
